1758383037470 TGluZSAx -2073878722
1758383037490 TGluZSAy -352330346
1758383037490 TGluZSAz -1020265642
1758383037490 TGluZSA0 1123316661
1758383037491 TGluZSA1 1139210898
1758383037491 TGluZSA2 -282614429
1758383037491 TGluZSA3 1441225463
1758383037491 TGluZSA4 2081938929
1758383037491 TGluZSA5 -762880211
1758383037491 TGluZSAxMA== -1967176123
1758383037491 TGluZSAxMQ== -855257365
1758383037491 TGluZSAxMg== -765656960
1758383037491 TGluZSAxMw== -894870292
1758383037491 TGluZSAxNA== 440469022
1758383037492 TGluZSAxNQ== 1445559674
1758383037492 TGluZSAxNg== -843378345
1758383037492 TGluZSAxNw== -26662381
1758383037492 TGluZSAxOA== -1291751829
1758383037492 TGluZSAxOQ== -2004831998
1758383037492 TGluZSAyMA== 1030852212
1758383037493 TGluZSAyMQ== -1271154520
1758383037493 TGluZSAyMg== -155374509
1758383037493 TGluZSAyMw== -836978022
1758383037493 TGluZSAyNA== 7428739
1758383037493 TGluZSAyNQ== 1317762091
1758383037493 TGluZSAyNg== -724156170
1758383037493 TGluZSAyNw== 830732109
1758383037494 TGluZSAyOA== -1881731464
1758383037494 TGluZSAyOQ== -293968679
1758383037494 TGluZSAzMA== 1665391674
1758383037494 TGluZSAzMQ== -882185542
1758383037494 TGluZSAzMg== -1183382398
1758383037494 TGluZSAzMw== 670252613
1758383037494 TGluZSAzNA== 1986300761
1758383037494 TGluZSAzNQ== -432213324
1758383037494 TGluZSAzNg== -1137961472
1758383037494 TGluZSAzNw== -539452253
1758383037495 TGluZSAzOA== 494765294
1758383037495 TGluZSAzOQ== -1075947947
1758383037495 TGluZSA0MA== 1545070465
1758383037495 TGluZSA0MQ== -1305536600
1758383037495 TGluZSA0Mg== -1855142417
1758383037495 TGluZSA0Mw== 353915276
1758383037495 TGluZSA0NA== -1764275301
1758383037495 TGluZSA0NQ== 1085236411
1758383037495 TGluZSA0Ng== 847014623
1758383037495 TGluZSA0Nw== 674009707
1758383037495 TGluZSA0OA== 717432205
1758383037496 TGluZSA0OQ== -643852379
1758383037496 TGluZSA1MA== 1626494897
1758383037496 TGluZSA1MQ== 407569769
1758383037496 TGluZSA1Mg== -868883174
1758383037496 TGluZSA1Mw== 112194203
1758383037496 TGluZSA1NA== -494274095
1758383037496 TGluZSA1NQ== -498232711
1758383037496 TGluZSA1Ng== 515679664
1758383037496 TGluZSA1Nw== 710944897
1758383037496 TGluZSA1OA== -510243320
1758383037496 TGluZSA1OQ== -1113561278
1758383037496 TGluZSA2MA== -1279534518
1758383037497 TGluZSA2MQ== -1810640291
1758383037497 TGluZSA2Mg== 2095808456
1758383037497 TGluZSA2Mw== 675300546
1758383037497 TGluZSA2NA== 782234862
1758383037497 TGluZSA2NQ== 1924829688
1758383037497 TGluZSA2Ng== -1704214299
1758383037497 TGluZSA2Nw== -861176992
1758383037497 TGluZSA2OA== -48872653
1758383037497 TGluZSA2OQ== 843134711
1758383037498 TGluZSA3MA== 645559091
1758383037498 TGluZSA3MQ== 1457533389
1758383037498 TGluZSA3Mg== -1841342713
1758383037498 TGluZSA3Mw== -728660090
1758383037498 TGluZSA3NA== 1341573041
1758383037498 TGluZSA3NQ== 1236844661
1758383037498 TGluZSA3Ng== -1005162751
1758383037498 TGluZSA3Nw== 1153869091
1758383037498 TGluZSA3OA== 871334742
1758383037498 TGluZSA3OQ== -1549324232
1758383037498 TGluZSA4MA== 456929290
1758383037498 TGluZSA4MQ== 732121510
1758383037498 TGluZSA4Mg== -1230143144
1758383037499 TGluZSA4Mw== 222913401
1758383037499 TGluZSA4NA== -310633182
1758383037499 TGluZSA4NQ== 1934091220
1758383037499 TGluZSA4Ng== -1064734635
1758383037499 TGluZSA4Nw== -608282058
1758383037499 TGluZSA4OA== -1529394973
1758383037500 TGluZSA4OQ== -1964782333
1758383037500 TGluZSA5MA== 1770970540
1758383037500 TGluZSA5MQ== 348974615
1758383037500 TGluZSA5Mg== -288980360
1758383037500 TGluZSA5Mw== -195165356
1758383037500 TGluZSA5NA== -795196434
1758383037500 TGluZSA5NQ== 1748776519
1758383037501 TGluZSA5Ng== -938519274
1758383037501 TGluZSA5Nw== -776933384
1758383037501 TGluZSA5OA== -1696592693
1758383037501 TGluZSA5OQ== -1383484683
